<?xml version="1.0" encoding="UTF-8"?>
<coverage generated="1665431522">
  <project timestamp="1665431522">
    <file name="/Users/deondazy/Sites/core.dev/src/Controllers/Controller.php">
      <class name="Deondazy\Core\Controllers\Controller" namespace="global">
        <metrics complexity="2" methods="2" coveredmethods="0" conditionals="0" coveredconditionals="0" statements="4" coveredstatements="0" elements="6" coveredelements="0"/>
      </class>
      <line num="12" type="method" name="__construct" visibility="public" complexity="1" crap="2" count="0"/>
      <line num="14" type="stmt" count="0"/>
      <line num="15" type="stmt" count="0"/>
      <line num="16" type="stmt" count="0"/>
      <line num="21" type="method" name="view" visibility="public" complexity="1" crap="2" count="0"/>
      <line num="23" type="stmt" count="0"/>
      <metrics loc="25" ncloc="25" classes="1" methods="2" coveredmethods="0" conditionals="0" coveredconditionals="0" statements="4" coveredstatements="0" elements="6" coveredelements="0"/>
    </file>
    <file name="/Users/deondazy/Sites/core.dev/src/Controllers/HomepageController.php">
      <class name="Deondazy\Core\Controllers\HomepageController" namespace="global">
        <metrics complexity="1" methods="1" coveredmethods="0" conditionals="0" coveredconditionals="0" statements="1" coveredstatements="0" elements="2" coveredelements="0"/>
      </class>
      <line num="7" type="method" name="index" visibility="public" complexity="1" crap="2" count="0"/>
      <line num="9" type="stmt" count="0"/>
      <metrics loc="11" ncloc="11" classes="1" methods="1" coveredmethods="0" conditionals="0" coveredconditionals="0" statements="1" coveredstatements="0" elements="2" coveredelements="0"/>
    </file>
    <file name="/Users/deondazy/Sites/core.dev/src/Database.php">
      <class name="Deondazy\Core\Database" namespace="global">
        <metrics complexity="44" methods="23" coveredmethods="15" conditionals="0" coveredconditionals="0" statements="98" coveredstatements="75" elements="121" coveredelements="90"/>
      </class>
      <line num="89" type="method" name="instance" visibility="public" complexity="2" crap="2" count="9"/>
      <line num="91" type="stmt" count="9"/>
      <line num="92" type="stmt" count="1"/>
      <line num="94" type="stmt" count="9"/>
      <line num="108" type="method" name="connect" visibility="public" complexity="4" crap="5.02" count="9"/>
      <line num="111" type="stmt" count="9"/>
      <line num="112" type="stmt" count="7"/>
      <line num="116" type="stmt" count="2"/>
      <line num="117" type="stmt" count="0"/>
      <line num="118" type="stmt" count="0"/>
      <line num="121" type="stmt" count="2"/>
      <line num="124" type="stmt" count="2"/>
      <line num="125" type="stmt" count="0"/>
      <line num="126" type="stmt" count="0"/>
      <line num="129" type="stmt" count="2"/>
      <line num="137" type="method" name="isConnected" visibility="public" complexity="1" crap="1" count="9"/>
      <line num="139" type="stmt" count="9"/>
      <line num="145" type="method" name="close" visibility="public" complexity="1" crap="1" count="1"/>
      <line num="147" type="stmt" count="1"/>
      <line num="148" type="stmt" count="1"/>
      <line num="160" type="method" name="query" visibility="public" complexity="3" crap="3.33" count="9"/>
      <line num="163" type="stmt" count="9"/>
      <line num="165" type="stmt" count="9"/>
      <line num="166" type="stmt" count="9"/>
      <line num="168" type="stmt" count="0"/>
      <line num="169" type="stmt" count="0"/>
      <line num="171" type="stmt" count="9"/>
      <line num="183" type="method" name="bind" visibility="private" complexity="6" crap="7.33" count="4"/>
      <line num="185" type="stmt" count="4"/>
      <line num="187" type="stmt" count="4"/>
      <line num="188" type="stmt" count="1"/>
      <line num="189" type="stmt" count="1"/>
      <line num="191" type="stmt" count="4"/>
      <line num="192" type="stmt" count="0"/>
      <line num="193" type="stmt" count="0"/>
      <line num="195" type="stmt" count="4"/>
      <line num="196" type="stmt" count="0"/>
      <line num="197" type="stmt" count="0"/>
      <line num="200" type="stmt" count="4"/>
      <line num="204" type="stmt" count="4"/>
      <line num="214" type="method" name="execute" visibility="public" complexity="3" crap="4.94" count="9"/>
      <line num="217" type="stmt" count="9"/>
      <line num="218" type="stmt" count="9"/>
      <line num="220" type="stmt" count="0"/>
      <line num="221" type="stmt" count="0"/>
      <line num="224" type="stmt" count="0"/>
      <line num="234" type="method" name="whereClause" visibility="private" complexity="2" crap="2" count="3"/>
      <line num="236" type="stmt" count="3"/>
      <line num="237" type="stmt" count="3"/>
      <line num="238" type="stmt" count="3"/>
      <line num="239" type="stmt" count="3"/>
      <line num="240" type="stmt" count="3"/>
      <line num="241" type="stmt" count="3"/>
      <line num="243" type="stmt" count="3"/>
      <line num="253" type="method" name="bindData" visibility="private" complexity="3" crap="3" count="3"/>
      <line num="255" type="stmt" count="3"/>
      <line num="256" type="stmt" count="3"/>
      <line num="257" type="stmt" count="3"/>
      <line num="270" type="method" name="insert" visibility="public" complexity="3" crap="3" count="1"/>
      <line num="272" type="stmt" count="1"/>
      <line num="273" type="stmt" count="1"/>
      <line num="275" type="stmt" count="1"/>
      <line num="276" type="stmt" count="1"/>
      <line num="277" type="stmt" count="1"/>
      <line num="280" type="stmt" count="1"/>
      <line num="281" type="stmt" count="1"/>
      <line num="284" type="stmt" count="1"/>
      <line num="287" type="stmt" count="1"/>
      <line num="288" type="stmt" count="1"/>
      <line num="291" type="stmt" count="1"/>
      <line num="293" type="stmt" count="1"/>
      <line num="305" type="method" name="update" visibility="public" complexity="1" crap="1" count="1"/>
      <line num="307" type="stmt" count="1"/>
      <line num="308" type="stmt" count="1"/>
      <line num="318" type="method" name="set" visibility="public" complexity="2" crap="2" count="1"/>
      <line num="320" type="stmt" count="1"/>
      <line num="323" type="stmt" count="1"/>
      <line num="324" type="stmt" count="1"/>
      <line num="328" type="stmt" count="1"/>
      <line num="330" type="stmt" count="1"/>
      <line num="331" type="stmt" count="1"/>
      <line num="333" type="stmt" count="1"/>
      <line num="343" type="method" name="where" visibility="public" complexity="1" crap="1" count="3"/>
      <line num="345" type="stmt" count="3"/>
      <line num="346" type="stmt" count="3"/>
      <line num="347" type="stmt" count="3"/>
      <line num="358" type="method" name="orderBy" visibility="public" complexity="1" crap="2" count="0"/>
      <line num="360" type="stmt" count="0"/>
      <line num="361" type="stmt" count="0"/>
      <line num="371" type="method" name="limit" visibility="public" complexity="1" crap="2" count="0"/>
      <line num="373" type="stmt" count="0"/>
      <line num="374" type="stmt" count="0"/>
      <line num="384" type="method" name="offset" visibility="public" complexity="1" crap="2" count="0"/>
      <line num="386" type="stmt" count="0"/>
      <line num="387" type="stmt" count="0"/>
      <line num="397" type="method" name="run" visibility="public" complexity="1" crap="1" count="2"/>
      <line num="400" type="stmt" count="2"/>
      <line num="403" type="stmt" count="2"/>
      <line num="406" type="stmt" count="2"/>
      <line num="409" type="stmt" count="2"/>
      <line num="411" type="stmt" count="2"/>
      <line num="423" type="method" name="delete" visibility="public" complexity="1" crap="1" count="1"/>
      <line num="425" type="stmt" count="1"/>
      <line num="426" type="stmt" count="1"/>
      <line num="438" type="method" name="select" visibility="public" complexity="1" crap="1" count="1"/>
      <line num="440" type="stmt" count="1"/>
      <line num="441" type="stmt" count="1"/>
      <line num="449" type="method" name="fetchAll" visibility="public" complexity="1" crap="2" count="0"/>
      <line num="452" type="stmt" count="0"/>
      <line num="455" type="stmt" count="0"/>
      <line num="458" type="stmt" count="0"/>
      <line num="460" type="stmt" count="0"/>
      <line num="468" type="method" name="fetchOne" visibility="public" complexity="1" crap="1" count="1"/>
      <line num="471" type="stmt" count="1"/>
      <line num="474" type="stmt" count="1"/>
      <line num="477" type="stmt" count="1"/>
      <line num="479" type="stmt" count="1"/>
      <line num="487" type="method" name="rowCount" visibility="private" complexity="1" crap="1" count="2"/>
      <line num="489" type="stmt" count="2"/>
      <line num="497" type="method" name="lastInsertId" visibility="private" complexity="1" crap="1" count="1"/>
      <line num="499" type="stmt" count="1"/>
      <metrics loc="502" ncloc="276" classes="1" methods="23" coveredmethods="15" conditionals="0" coveredconditionals="0" statements="98" coveredstatements="75" elements="121" coveredelements="90"/>
    </file>
    <file name="/Users/deondazy/Sites/core.dev/src/Exceptions/DatabaseException.php">
      <class name="Deondazy\Core\Exceptions\DatabaseException" namespace="global">
        <metrics complexity="0" methods="0" coveredmethods="0" conditionals="0" coveredconditionals="0" statements="0" coveredstatements="0" elements="0" coveredelements="0"/>
      </class>
      <metrics loc="8" ncloc="8" classes="0" methods="0" coveredmethods="0" conditionals="0" coveredconditionals="0" statements="0" coveredstatements="0" elements="0" coveredelements="0"/>
    </file>
    <file name="/Users/deondazy/Sites/core.dev/src/Exceptions/DeondazyCoreException.php">
      <class name="Deondazy\Core\Exceptions\DeondazyCoreException" namespace="global">
        <metrics complexity="0" methods="0" coveredmethods="0" conditionals="0" coveredconditionals="0" statements="0" coveredstatements="0" elements="0" coveredelements="0"/>
      </class>
      <metrics loc="8" ncloc="8" classes="0" methods="0" coveredmethods="0" conditionals="0" coveredconditionals="0" statements="0" coveredstatements="0" elements="0" coveredelements="0"/>
    </file>
    <file name="/Users/deondazy/Sites/core.dev/src/Exceptions/InvalidArgumentException.php">
      <class name="Deondazy\Core\Exceptions\InvalidArgumentException" namespace="global">
        <metrics complexity="0" methods="0" coveredmethods="0" conditionals="0" coveredconditionals="0" statements="0" coveredstatements="0" elements="0" coveredelements="0"/>
      </class>
      <metrics loc="8" ncloc="8" classes="0" methods="0" coveredmethods="0" conditionals="0" coveredconditionals="0" statements="0" coveredstatements="0" elements="0" coveredelements="0"/>
    </file>
    <file name="/Users/deondazy/Sites/core.dev/src/Exceptions/InvalidRequirementException.php">
      <class name="Deondazy\Core\Exceptions\InvalidRequirementException" namespace="global">
        <metrics complexity="0" methods="0" coveredmethods="0" conditionals="0" coveredconditionals="0" statements="0" coveredstatements="0" elements="0" coveredelements="0"/>
      </class>
      <metrics loc="8" ncloc="8" classes="0" methods="0" coveredmethods="0" conditionals="0" coveredconditionals="0" statements="0" coveredstatements="0" elements="0" coveredelements="0"/>
    </file>
    <file name="/Users/deondazy/Sites/core.dev/src/Helpers.php">
      <class name="Deondazy\Core\Helpers\Helpers" namespace="global">
        <metrics complexity="2" methods="2" coveredmethods="0" conditionals="0" coveredconditionals="0" statements="5" coveredstatements="0" elements="7" coveredelements="0"/>
      </class>
      <line num="7" type="method" name="dd" visibility="public" complexity="1" crap="2" count="0"/>
      <line num="9" type="stmt" count="0"/>
      <line num="10" type="stmt" count="0"/>
      <line num="11" type="stmt" count="0"/>
      <line num="12" type="stmt" count="0"/>
      <line num="15" type="method" name="publicPath" visibility="public" complexity="1" crap="2" count="0"/>
      <line num="17" type="stmt" count="0"/>
      <metrics loc="19" ncloc="19" classes="1" methods="2" coveredmethods="0" conditionals="0" coveredconditionals="0" statements="5" coveredstatements="0" elements="7" coveredelements="0"/>
    </file>
    <file name="/Users/deondazy/Sites/core.dev/src/Router.php">
      <class name="Deondazy\Core\Router" namespace="global">
        <metrics complexity="16" methods="8" coveredmethods="0" conditionals="0" coveredconditionals="0" statements="28" coveredstatements="0" elements="36" coveredelements="0"/>
      </class>
      <line num="20" type="method" name="get" visibility="public" complexity="1" crap="2" count="0"/>
      <line num="22" type="stmt" count="0"/>
      <line num="25" type="method" name="post" visibility="public" complexity="1" crap="2" count="0"/>
      <line num="27" type="stmt" count="0"/>
      <line num="30" type="method" name="put" visibility="public" complexity="1" crap="2" count="0"/>
      <line num="32" type="stmt" count="0"/>
      <line num="35" type="method" name="patch" visibility="public" complexity="1" crap="2" count="0"/>
      <line num="37" type="stmt" count="0"/>
      <line num="40" type="method" name="delete" visibility="public" complexity="1" crap="2" count="0"/>
      <line num="42" type="stmt" count="0"/>
      <line num="45" type="method" name="notFoundHandler" visibility="public" complexity="1" crap="2" count="0"/>
      <line num="47" type="stmt" count="0"/>
      <line num="50" type="method" name="addHandler" visibility="private" complexity="1" crap="2" count="0"/>
      <line num="52" type="stmt" count="0"/>
      <line num="59" type="method" name="run" visibility="public" complexity="9" crap="90" count="0"/>
      <line num="61" type="stmt" count="0"/>
      <line num="62" type="stmt" count="0"/>
      <line num="63" type="stmt" count="0"/>
      <line num="64" type="stmt" count="0"/>
      <line num="66" type="stmt" count="0"/>
      <line num="68" type="stmt" count="0"/>
      <line num="69" type="stmt" count="0"/>
      <line num="70" type="stmt" count="0"/>
      <line num="71" type="stmt" count="0"/>
      <line num="75" type="stmt" count="0"/>
      <line num="76" type="stmt" count="0"/>
      <line num="78" type="stmt" count="0"/>
      <line num="79" type="stmt" count="0"/>
      <line num="82" type="stmt" count="0"/>
      <line num="83" type="stmt" count="0"/>
      <line num="86" type="stmt" count="0"/>
      <line num="87" type="stmt" count="0"/>
      <line num="89" type="stmt" count="0"/>
      <line num="90" type="stmt" count="0"/>
      <line num="94" type="stmt" count="0"/>
      <line num="95" type="stmt" count="0"/>
      <metrics loc="153" ncloc="112" classes="1" methods="8" coveredmethods="0" conditionals="0" coveredconditionals="0" statements="28" coveredstatements="0" elements="36" coveredelements="0"/>
    </file>
    <metrics files="9" loc="742" ncloc="475" classes="5" methods="36" coveredmethods="15" conditionals="0" coveredconditionals="0" statements="136" coveredstatements="75" elements="172" coveredelements="90"/>
  </project>
</coverage>
